     1                                  bits 32
     2                                  
     3                                  global start
     4                                  extern exit
     5                                  import exit msvcrt.dll
     6                                  
     7                                   ; Se da un sir de octeti S. Sa se construiasca un sir D1 care sa contina toate numerele pozitive si un sir D2 care sa contina toate numerele negative din S.
     8                                  
     9                                  segment data use32 class=data
    10 00000000 0103FEFB03F80500            s db 1, 3, -2, -5, 3, -8, 5, 0
    11                                      ls equ $-s
    12 00000008 00<rept>                    d1 times ls db 0
    13 00000010 00<rept>                    d2 times ls db 0
    14                                      
    15                                  segment code use32 class=code
    16                                      start:
    17 00000000 B908000000                      mov ecx, ls
    18 00000005 E337                            jecxz sfarsit
    19 00000007 BE00000000                      mov esi, 0
    20 0000000C BF00000000                      mov edi, 0
    21 00000011 BB00000000                      mov ebx, 0
    22                                          repeta:
    23 00000016 80BE[00000000]00                    cmp byte [s+esi], 0
    24 0000001D 780F                                js nr_negativ
    25 0000001F 8A86[00000000]                      mov al, [s+esi]
    26 00000025 8887[08000000]                      mov [d1+edi], al
    27 0000002B 47                                  inc edi
    28 0000002C 790D                                jns nr_pozitiv
    29                                              nr_negativ:
    30 0000002E 8A86[00000000]                          mov al, [s+esi]
    31 00000034 8883[10000000]                          mov [d2+ebx], al
    32 0000003A 43                                      inc ebx
    33                                              nr_pozitiv:
    34 0000003B 46                                      inc esi
    35 0000003C E2D8                            loop repeta
    36                                          sfarsit
    36          ******************       warning: label alone on a line without a colon might be in error [-w+orphan-labels]
