     1                                  bits 32
     2                                  
     3                                  global start
     4                                  extern exit
     5                                  import exit msvcrt.dll
     6                                  
     7                                  ; Se da un sir de caractere S. Sa se construiasca sirul D care sa contina toate literele mici din sirul S.
     8                                  
     9                                  segment data use32 class=data
    10 00000000 61416242322578              s db 'a', 'A', 'b', 'B', '2', '%', 'x'
    11                                      ls equ $-s
    12 00000007 00<rept>                    d times ls db 0
    13                                      
    14                                  segment code use32 class=code
    15                                      start:
    16 00000000 B907000000                      mov ecx, ls ; numarul de loop uri = lungimea sirului s (vom parcurge fiecare element din s)
    17 00000005 BE00000000                      mov esi, 0 ; poz curenta in s
    18 0000000A BF00000000                      mov edi, 0 ; poz curenta in d
    19 0000000F E322                            jecxz sfarsit
    20                                          repeta:
    21 00000011 80BE[00000000]61                    cmp byte [s+esi], 'a'
    22 00000018 7216                                jnae out_of_interval
    23 0000001A 80BE[00000000]7A                    cmp byte [s+esi], 'z'
    24 00000021 770D                                ja out_of_interval
    25                                                  ; am verificat daca caracterul din s este in intervalul ['a', 'z']
    26 00000023 8A86[00000000]                      mov al, [s+esi]
    27 00000029 8887[07000000]                      mov [d+edi], al
    28                                                  ; daca este, atunci il vom introduce in d
    29 0000002F 47                                  inc edi ; trecem pe poz urmatoare in d doar daca am introdus un nou caracter
    30                                              out_of_interval:
    31 00000030 46                                      inc esi ; daca caracterul nu era din intervalul ['a', 'z'], atunci doar treceam la caracterul urmator din s
    32 00000031 E2DE                            loop repeta
    33                                          sfarsit
    33          ******************       warning: label alone on a line without a colon might be in error [-w+orphan-labels]
    34                                          
    35 00000033 6A00                                push dword 0
    36 00000035 FF15[00000000]                      call [exit]
    37                                                  
    38                                              
    39                                              
    40                                              
