     1                                  bits 32
     2                                  
     3                                  global start
     4                                  extern exit, fopen, fread, fclose, printf
     5                                  import exit msvcrt.dll
     6                                  import fopen msvcrt.dll
     7                                  import fread msvcrt.dll
     8                                  import fclose msvcrt.dll
     9                                  import printf msvcrt.dll
    10                                  
    11                                  segment data use32 class=data
    12 00000000 696E7075742E747874-         nume_fisier db 'input.txt', 0
    12 00000009 00                 
    13 0000000A 7200                        mod_deschidere db 'r', 0
    14                                      punct equ '.'
    15                                      spatiu equ ' '
    16 0000000C 256300                      formatr db '%c', 0
    17 0000000F 50726F706F7A697469-         formatp db 'Propozitia %u: %s, Nr. cuvinte: %u, Primul cuvant %s are %u litere', 10, 0
    17 00000018 612025753A2025732C-
    17 00000021 204E722E2063757669-
    17 0000002A 6E74653A2025752C20-
    17 00000033 5072696D756C206375-
    17 0000003C 76616E742025732061-
    17 00000045 7265202575206C6974-
    17 0000004E 6572650A00         
    18 00000053 <res 00000064>              prop resb 100
    19 000000B7 01000000                    index dd 1
    20 000000BB <res 00000004>              descriptor_fisier resb 4
    21 000000BF 00000000                    nr_spatii dd 0
    22 000000C3 00000000                    nr_litere dd 0
    23 000000C7 <res 0000000A>              primul_cuvant resb 10
    24                                      
    25                                  segment code use32 class=code
    26                                      start:
    27 00000000 68[0A000000]                    push mod_deschidere
    28 00000005 68[00000000]                    push nume_fisier
    29 0000000A FF15[00000000]                  call [fopen]
    30 00000010 83C408                          add esp, 4*2
    31                                          
    32 00000013 83F800                          cmp eax, 0
    33 00000016 0F84BA000000                    je sfarsit
    34                                          
    35 0000001C A3[BB000000]                    mov [descriptor_fisier], eax
    36                                          citire_fisier:
    37 00000021 BE[53000000]                        mov esi, prop
    38 00000026 C705[BF000000]0000-                 mov dword [nr_spatii], 0
    38 0000002E 0000               
    39 00000030 C705[C3000000]0000-                 mov dword [nr_litere], 0
    39 00000038 0000               
    40                                              citire_prop:
    41 0000003A FF35[BB000000]                          push dword [descriptor_fisier]
    42 00000040 6A01                                    push dword 1
    43 00000042 6A01                                    push dword 1
    44 00000044 56                                      push esi
    45 00000045 FF15[00000000]                          call [fread]
    46 0000004B 83F800                                  cmp eax, 0
    47 0000004E 0F8482000000                            je sfarsit
    48 00000054 AC                                      lodsb
    49 00000055 3C20                                cmp al, spatiu
    50 00000057 7506                                jne nu_este_spatiu
    51 00000059 FF05[BF000000]                      inc dword [nr_spatii]
    52                                              nu_este_spatiu:
    53 0000005F 833D[BF000000]00                    cmp dword [nr_spatii], 0
    54 00000066 7706                                ja nu_este_primul_cuvant
    55 00000068 FF05[C3000000]                      inc dword [nr_litere]
    56                                              nu_este_primul_cuvant:
    57 0000006E 3C2E                                cmp al, punct
    58 00000070 7402                                je sf_prop
    59 00000072 EBC6                                jmp citire_prop
    60                                              sf_prop:
    61 00000074 B000                                    mov al, 0
    62 00000076 89F7                                    mov edi, esi
    63 00000078 AA                                      stosb
    64 00000079 BE[53000000]                            mov esi, prop
    65 0000007E 0335[C3000000]                          add esi, [nr_litere]
    66 00000084 83EE01                                  sub esi, 1
    67 00000087 BF[C7000000]                            mov edi, primul_cuvant
    68 0000008C 8B0D[C3000000]                          mov ecx, [nr_litere]
    69                                                  inverseaza:
    70 00000092 FD                                          std
    71 00000093 AC                                          lodsb
    72 00000094 FC                                          cld
    73 00000095 AA                                          stosb
    74 00000096 E2FA                                    loop inverseaza
    75 00000098 B000                                    mov al, 0
    76 0000009A AA                                      stosb
    77 0000009B FF05[BF000000]                          inc dword [nr_spatii]
    78 000000A1 FF35[C3000000]                          push dword [nr_litere]
    79 000000A7 68[C7000000]                            push primul_cuvant
    80 000000AC FF35[BF000000]                          push dword [nr_spatii]
    81 000000B2 68[53000000]                            push prop
    82 000000B7 FF35[B7000000]                          push dword [index]
    83 000000BD 68[0F000000]                            push formatp
    84 000000C2 FF15[00000000]                          call [printf]
    85 000000C8 83C418                                  add esp, 4*6
    86 000000CB FF05[B7000000]                          inc dword [index]
    87 000000D1 E94BFFFFFF                          jmp citire_fisier
    88                                      sfarsit:
    89 000000D6 FF35[BB000000]                  push dword [descriptor_fisier]
    90 000000DC FF15[00000000]                  call [fclose]
    91 000000E2 83C404                          add esp, 4*1
    92                                          
