     1                                  bits 32
     2                                  
     3                                  global start
     4                                  extern exit, fopen, fread, fclose, printf
     5                                  import exit msvcrt.dll
     6                                  import fopen msvcrt.dll
     7                                  import fread msvcrt.dll
     8                                  import fclose msvcrt.dll
     9                                  import printf msvcrt.dll
    10                                  
    11                                  ; Se da in segmentul de date numele unui fisier text. Acesta contine un text codificat care va trebui decodificat de program si sa fie afisat. (Mesajul a fost ascuns prin mutarea fiecarei litere cu 2 poz la dreapta 
    12                                  
    13                                  segment data use32 class=data
    14 00000000 696E7075742E747874-         nume_fiser db 'input.txt', 0
    14 00000009 00                 
    15 0000000A 7200                        mod_acces db 'r', 0
    16 0000000C FFFFFFFF                    descriptor dd -1
    17 00000010 00                          caracter_curent db 0
    18 00000011 4D6573616A756C206F-         formatp db 'Mesajul original este: %s', 0
    18 0000001A 726967696E616C2065-
    18 00000023 7374653A20257300   
    19 0000002B <res 000000C8>              continut_decodificat resb 200
    20                                      spatiu equ ' '
    21                                      punct equ '.'
    22                                      
    23                                  segment code use32 class=code
    24                                  
    25                                      ; conventie cdecl
    26                                      decodificare:
    27 00000000 8A442404                        mov al, [esp+4]
    28 00000004 3C61                            cmp al, 'a'
    29 00000006 7504                            jne nu_este_a
    30 00000008 B079                            mov al, 'y'
    31 0000000A EB0A                            jmp conversie
    32                                          nu_este_a:
    33 0000000C 3C62                            cmp al, 'b'
    34 0000000E 7504                            jne nu_este_b
    35 00000010 B07A                            mov al, 'z'
    36 00000012 EB02                            jmp conversie
    37                                          nu_este_b:
    38 00000014 2C02                            sub al, 2
    39                                          conversie:
    40 00000016 0FB6C0                          movzx eax, al
    41                                          
    42 00000019 C3                              ret
    43                                      
    44                                      start:
    45 0000001A 68[0A000000]                    push dword mod_acces
    46 0000001F 68[00000000]                    push dword nume_fiser
    47 00000024 FF15[00000000]                  call [fopen]
    48 0000002A 83C408                          add esp, 4*2
    49                                          
    50 0000002D 83F800                          cmp eax, 0
    51 00000030 7475                            je final
    52                                          
    53 00000032 A3[0C000000]                    mov [descriptor], eax
    54 00000037 BF[2B000000]                    mov edi, continut_decodificat
    55                                          
    56                                          repeta:
    57 0000003C FF35[0C000000]                      push dword [descriptor]
    58 00000042 6A01                                push 1
    59 00000044 6A01                                push 1
    60 00000046 68[10000000]                        push caracter_curent
    61 0000004B FF15[00000000]                      call [fread]
    62 00000051 83C410                              add esp, 4*4
    63                                              
    64 00000054 803D[10000000]20                    cmp byte [caracter_curent], spatiu
    65 0000005B A0[10000000]                        mov al, [caracter_curent]
    66 00000060 741D                                je final_repeta
    67 00000062 803D[10000000]2E                    cmp byte [caracter_curent], punct 
    68 00000069 7503                                jne mai_departe
    69 0000006B AA                                  stosb
    70 0000006C EB14                                jmp afisare
    71                                              mai_departe:
    72                                              
    73 0000006E A0[10000000]                        mov al, [caracter_curent]
    74 00000073 0FB6C0                              movzx eax, al
    75 00000076 50                                  push eax
    76 00000077 E884FFFFFF                          call decodificare
    77 0000007C 83C404                              add esp, 4
    78                                              
    79                                              final_repeta:
    80 0000007F AA                                  stosb
    81 00000080 EBBA                            jmp repeta
    82                                          
    83                                          afisare:
    84 00000082 B000                            mov al, 0
    85 00000084 AA                              stosb
    86 00000085 68[2B000000]                    push continut_decodificat
    87 0000008A 68[11000000]                    push formatp
    88 0000008F FF15[00000000]                  call [printf]
    89 00000095 83C408                          add esp, 4*2
    90                                          
    91 00000098 FF35[0C000000]                  push dword [descriptor]
    92 0000009E FF15[00000000]                  call [fclose]
    93 000000A4 83C404                          add esp, 4
    94                                          
    95                                          final:
    96 000000A7 6A00                            push dword 0
    97 000000A9 FF15[00000000]                  call [exit]
