     1                                  bits 32
     2                                  
     3                                  global start
     4                                  extern exit, scanf, printf
     5                                  import exit msvcrt.dll
     6                                  import scanf msvcrt.dll
     7                                  import printf msvcrt.dll
     8                                  
     9                                  ; Se citeste un mesaj de la tastatura (maxim 20 caractere) si un numar natural. Mesajul este codificat in felul urmator:
    10                                  ; - daca nr citit este par, atunci la fiecare caracter din mesaj se adauga n%20
    11                                  ; - daca nr citit este impar, atunci dupa fiecare consoana se adauga 'p'+consoana
    12                                  
    13                                  segment data use32 class=data
    14 00000000 496E74726F64756365-         citire_mesaj db 'Introduceti mesajul: ', 0
    14 00000009 7469206D6573616A75-
    14 00000012 6C3A2000           
    15 00000016 496E74726F64756365-         citire_numar db 'Introduceti un numar natural: ', 0
    15 0000001F 746920756E206E756D-
    15 00000028 6172206E6174757261-
    15 00000031 6C3A2000           
    16 00000035 257300                      format_c_m db '%s', 0
    17 00000038 257500                      format_c_n db '%u', 0
    18 0000003B 4D6573616A756C2063-         afisare db 'Mesajul codificat: %s', 0
    18 00000044 6F646966696361743A-
    18 0000004D 20257300           
    19 00000051 0000<rept>                  mesaj_citit times 20 db 0, 0
    20 00000079 00000000                    numar_citit dd 0
    21 0000007D 0000<rept>                  mesaj_codificat times 60 db 0, 0
    22 000000F5 6165696F75                  vocale db 'aeiou'
    23                                      len equ $-vocale
    24 000000FA 00000000                    este_consoana dd 0
    25 000000FE 00000000                    zero dd 0
    26                                      
    27                                      
    28                                  segment code use32 class=code
    29                                      start:
    30 00000000 FC                              cld
    31 00000001 68[00000000]                    push dword citire_mesaj
    32 00000006 FF15[00000000]                  call [printf]
    33 0000000C 83C404                          add esp, 4
    34                                          
    35 0000000F 68[51000000]                    push mesaj_citit
    36 00000014 68[35000000]                    push format_c_m
    37 00000019 FF15[00000000]                  call [scanf]
    38 0000001F 83C408                          add esp, 8
    39                                          
    40 00000022 68[16000000]                    push dword citire_numar
    41 00000027 FF15[00000000]                  call [printf]
    42 0000002D 83C404                          add esp, 4
    43                                          
    44 00000030 68[79000000]                    push numar_citit
    45 00000035 68[38000000]                    push format_c_n
    46 0000003A FF15[00000000]                  call [scanf]
    47 00000040 83C408                          add esp, 8
    48                                          
    49 00000043 F705[79000000]0100-             test dword [numar_citit], 1h
    49 0000004B 0000               
    50 0000004D BE[51000000]                    mov esi, mesaj_citit
    51 00000052 BF[7D000000]                    mov edi, mesaj_codificat
    52 00000057 744C                            jz nr_par
    53                                          repeta:
    54 00000059 C705[FA000000]0100-                 mov dword [este_consoana], 1
    54 00000061 0000               
    55 00000063 AC                                  lodsb
    56 00000064 3C00                                cmp al, 0
    57 00000066 745B                                je afisare_mesaj_codificat
    58 00000068 3C61                                cmp al, 'a'
    59 0000006A 72ED                                jb repeta
    60 0000006C 3C7A                                cmp al, 'z'
    61 0000006E 77E9                                ja repeta
    62 00000070 AA                                  stosb
    63 00000071 57                                  push edi
    64 00000072 B905000000                          mov ecx, len
    65 00000077 BB01000000                          mov ebx, 1
    66                                              verifica 
    66          ******************       warning: label alone on a line without a colon might be in error [-w+orphan-labels]
    67 0000007C BF[F5000000]                            mov edi, vocale
    68 00000081 AE                                      scasb
    69 00000082 0F441D[FE000000]                        cmovz ebx, [zero]
    70 00000089 E2F1                                loop verifica
    71 0000008B 891D[FA000000]                      mov [este_consoana], ebx
    72 00000091 5F                                  pop edi
    73 00000092 833D[FA000000]00                    cmp dword [este_consoana], 0
    74 00000099 74BE                                jz repeta
    75 0000009B 88C3                                mov bl, al
    76 0000009D B070                                mov al, 'p'
    77 0000009F AA                                  stosb
    78 000000A0 88D8                                mov al, bl
    79 000000A2 AA                                  stosb
    80 000000A3 EBB4                            jmp repeta
    81                                          
    82                                          nr_par:
    83 000000A5 668B15[7B000000]                    mov dx, word [numar_citit+2]
    84 000000AC 66A1[79000000]                      mov ax, word [numar_citit]
    85 000000B2 66BB1400                            mov bx, 20
    86 000000B6 66F7F3                              div bx
    87                                              repeta_par:
    88 000000B9 AC                                      lodsb
    89 000000BA 3C00                                    cmp al, 0
    90 000000BC 7405                                    je afisare_mesaj_codificat
    91 000000BE 00D0                                    add al, dl
    92 000000C0 AA                                      stosb
    93 000000C1 EBF6                                jmp repeta_par
    94                                             
    95                                          afisare_mesaj_codificat:
    96 000000C3 68[7D000000]                        push mesaj_codificat
    97 000000C8 68[3B000000]                        push afisare
    98 000000CD FF15[00000000]                      call [printf]
    99 000000D3 83C408                              add esp, 8
   100                                              
   101 000000D6 6A00                            push dword 0
   102 000000D8 FF15[00000000]                  call [exit]
