     1                                  bits 32
     2                                  
     3                                  global start
     4                                  extern exit, scanf, printf
     5                                  import exit msvcrt.dll
     6                                  import scanf msvcrt.dll
     7                                  import printf msvcrt.dll
     8                                  
     9                                  ; Se citesc mai multe numere de la tastatura, in baza 2. Sa se afiseze aceste numere in baza 8.
    10                                  
    11                                  segment data use32 class=data
    12 00000000 <res 00000020>              baza_2 resb 32
    13 00000020 257300                      formats db '%s', 0
    14 00000023 <res 00000020>              baza_8 resb 32
    15 00000043 256F00                      formatp db '%o', 0
    16                                      
    17                                  segment code use32 class=code
    18                                      start:  
    19 00000000 68[00000000]                    push baza_2
    20 00000005 68[20000000]                    push formats
    21 0000000A FF15[00000000]                  call [scanf]
    22 00000010 83C408                          add esp, 8
    23                                          
    24 00000013 FC                              cld
    25 00000014 B920000000                      mov ecx, 32
    26 00000019 BB00000000                      mov ebx, 0
    27                                          
    28                                          repeta:
    29 0000001E BE[00000000]                        mov esi, baza_2
    30 00000023 AC                                  lodsb
    31 00000024 2C30                                sub al, '0'
    32 00000026 D0E8                                shr al, 1
    33 00000028 D1D3                                rcl ebx, 1
    34 0000002A E2F2                            loop repeta
    35                                          
    36 0000002C 53                              push ebx
    37 0000002D 68[43000000]                    push formatp
    38 00000032 FF15[00000000]                  call [printf]
    39 00000038 83C408                          add esp, 8
